0 info it worked if it ends with ok
1 verbose cli [ '/usr/bin/nodejs', '/usr/bin/npm', 'install', '-g', 'gitbanner' ]
2 info using npm@1.3.10
3 info using node@v0.10.25
4 verbose cache add [ 'gitbanner', null ]
5 verbose cache add name=undefined spec="gitbanner" args=["gitbanner",null]
6 verbose parsed url { protocol: null,
6 verbose parsed url   slashes: null,
6 verbose parsed url   auth: null,
6 verbose parsed url   host: null,
6 verbose parsed url   port: null,
6 verbose parsed url   hostname: null,
6 verbose parsed url   hash: null,
6 verbose parsed url   search: null,
6 verbose parsed url   query: null,
6 verbose parsed url   pathname: 'gitbanner',
6 verbose parsed url   path: 'gitbanner',
6 verbose parsed url   href: 'gitbanner' }
7 silly lockFile 56510172-gitbanner gitbanner
8 verbose lock gitbanner /home/knappen/.npm/56510172-gitbanner.lock
9 silly lockFile 56510172-gitbanner gitbanner
10 silly lockFile 56510172-gitbanner gitbanner
11 verbose addNamed [ 'gitbanner', '' ]
12 verbose addNamed [ null, '*' ]
13 silly lockFile 7b916762-gitbanner gitbanner@
14 verbose lock gitbanner@ /home/knappen/.npm/7b916762-gitbanner.lock
15 silly addNameRange { name: 'gitbanner', range: '*', hasData: false }
16 verbose url raw gitbanner
17 verbose url resolving [ 'https://registry.npmjs.org/', './gitbanner' ]
18 verbose url resolved https://registry.npmjs.org/gitbanner
19 info trying registry request attempt 1 at 08:50:31
20 verbose etag "4EUWFFN1NSP9BHQF3WSVINDZF"
21 http GET https://registry.npmjs.org/gitbanner
22 http 304 https://registry.npmjs.org/gitbanner
23 silly registry.get cb [ 304,
23 silly registry.get   { date: 'Mon, 19 May 2014 15:50:31 GMT',
23 silly registry.get     server: 'Apache',
23 silly registry.get     via: '1.1 varnish',
23 silly registry.get     'last-modified': 'Mon, 19 May 2014 15:50:31 GMT',
23 silly registry.get     'cache-control': 'max-age=1',
23 silly registry.get     etag: '"4EUWFFN1NSP9BHQF3WSVINDZF"',
23 silly registry.get     'x-served-by': 'cache-lax1421-LAX',
23 silly registry.get     'x-cache': 'MISS',
23 silly registry.get     'x-cache-hits': '0',
23 silly registry.get     'x-timer': 'S1400514631.725891829,VS0,VE150',
23 silly registry.get     vary: 'Accept',
23 silly registry.get     'content-length': '0',
23 silly registry.get     'keep-alive': 'timeout=10, max=50',
23 silly registry.get     connection: 'Keep-Alive' } ]
24 verbose etag gitbanner from cache
25 silly addNameRange number 2 { name: 'gitbanner', range: '*', hasData: true }
26 silly addNameRange versions [ 'gitbanner',
26 silly addNameRange   [ '0.0.0', '0.0.1', '0.0.2', '0.0.3', '0.0.4', '0.0.5' ] ]
27 verbose addNamed [ 'gitbanner', '0.0.5' ]
28 verbose addNamed [ '0.0.5', '0.0.5' ]
29 silly lockFile 514067a9-gitbanner-0-0-5 gitbanner@0.0.5
30 verbose lock gitbanner@0.0.5 /home/knappen/.npm/514067a9-gitbanner-0-0-5.lock
31 silly lockFile 514067a9-gitbanner-0-0-5 gitbanner@0.0.5
32 silly lockFile 514067a9-gitbanner-0-0-5 gitbanner@0.0.5
33 silly lockFile 7b916762-gitbanner gitbanner@
34 silly lockFile 7b916762-gitbanner gitbanner@
35 silly resolved [ { name: 'gitbanner',
35 silly resolved     version: '0.0.5',
35 silly resolved     description: 'Generates a git repo to show a cool banner on your Github profile',
35 silly resolved     main: 'index.js',
35 silly resolved     dependencies: { canvas: '~1.1.3', nodegit: '~0.1.3', optimist: '~0.6.1' },
35 silly resolved     devDependencies: {},
35 silly resolved     bin: { gitbanner: 'bin/gitbanner' },
35 silly resolved     scripts: { test: 'echo "Error: no test specified" && exit 1' },
35 silly resolved     repository: { type: 'git', url: 'git@github.com:mappum/gitbanner.git' },
35 silly resolved     keywords: [ 'git', 'github', 'banner', 'hack' ],
35 silly resolved     author: { name: 'Matt Bell', email: 'mappum@gmail.com' },
35 silly resolved     license: 'ISC',
35 silly resolved     bugs: { url: 'https://github.com/mappum/gitbanner/issues' },
35 silly resolved     homepage: 'https://github.com/mappum/gitbanner',
35 silly resolved     readme: 'gitbanner\n=========\n\nGenerates a git repo to show a cool banner on your Github profile.\n[![Hello, world](http://i.imgur.com/c7GmAJf.png)](https://github.com/mappum)\n\nGitbanner works by creating a new git repository and filling it with dummy commits, with dates set to correspond to the pixels on your Github "Contributions" graph.\n\nYou can see an example on my profile: [https://github.com/mappum](https://github.com/mappum)\n\n## Installing\n\nFirst, you might need to install some dependencies:\n\n* [node-canvas](https://github.com/LearnBoost/node-canvas/wiki) - (Cairo)\n* [nodegit](https://github.com/nodegit/nodegit#user-content-installing-dependencies) - (Python 2, CMake 2.8)\n\nOnce those are set up, just do\n\n`npm install -g gitbanner`\n\n## Usage\n\n**1.** Generate your repo:\n\n`gitbanner <Github email> <text>`\n\n**NOTICE:** Gitbanner needs the email associated with your Github account, otherwise Github won\'t think you made the commits.\n\nYou will see a preview of your banner. If it doesn\'t look too great, try using a different font:\n\n`gitbanner -f "7pt Arial" <email> <text>`\n\n**2.** Create a repo on Github.\n\n**3.** Push the repo to Github:\n\n```bash\ncd banner\ngit push git@github.com:USERNAME/REPO_NAME.git master\n```\n\n## Notes\n\nIf you ever feel like removing the banner from your profile, you can simply delete the repository. Github will instantly update your Contributions graph.\n\nIf you want, you can specify a longer banner width (`gitbanner -w X ...`). Any width longer than 52 will be cut off on Github, but the banner will be slowly revealed as the weeks go by.\n',
35 silly resolved     readmeFilename: 'README.md',
35 silly resolved     _id: 'gitbanner@0.0.5',
35 silly resolved     _from: 'gitbanner@' } ]
36 info install gitbanner@0.0.5 into /usr/local/lib
37 info installOne gitbanner@0.0.5
38 info /usr/local/lib/node_modules/gitbanner unbuild
39 info /usr/local/lib/node_modules/gitbanner unbuild
40 error error rolling back Error: EACCES, unlink '/usr/local/lib/node_modules/gitbanner'
40 error error rolling back  gitbanner@0.0.5 { [Error: EACCES, unlink '/usr/local/lib/node_modules/gitbanner']
40 error error rolling back   errno: 3,
40 error error rolling back   code: 'EACCES',
40 error error rolling back   path: '/usr/local/lib/node_modules/gitbanner' }
41 error Error: EACCES, unlink '/usr/local/lib/node_modules/gitbanner'
41 error  { [Error: EACCES, unlink '/usr/local/lib/node_modules/gitbanner']
41 error   errno: 3,
41 error   code: 'EACCES',
41 error   path: '/usr/local/lib/node_modules/gitbanner' }
42 error Please try running this command again as root/Administrator.
43 error System Linux 3.13.0-24-generic
44 error command "/usr/bin/nodejs" "/usr/bin/npm" "install" "-g" "gitbanner"
45 error cwd /home/knappen/dev/banner
46 error node -v v0.10.25
47 error npm -v 1.3.10
48 error path /usr/local/lib/node_modules/gitbanner
49 error code EACCES
50 error errno 3
51 error stack Error: EACCES, unlink '/usr/local/lib/node_modules/gitbanner'
52 verbose exit [ 3, true ]
